0 info it worked if it ends with ok
1 verbose cli [ '/Users/tzanis/.nvm/versions/node/v0.12.10/bin/node',
1 verbose cli   '/Users/tzanis/.nvm/versions/node/v0.12.10/bin/npm',
1 verbose cli   'start' ]
2 info using npm@2.14.9
3 info using node@v0.12.10
4 verbose run-script [ 'prestart', 'start', 'poststart' ]
5 info prestart mapillary-demo@1.0.0
6 info start mapillary-demo@1.0.0
7 verbose unsafe-perm in lifecycle true
8 info mapillary-demo@1.0.0 Failed to exec start script
9 verbose stack Error: mapillary-demo@1.0.0 start: `tsc && concurrently "tsc -w" "lite-server" `
9 verbose stack Exit status 2
9 verbose stack     at EventEmitter.<anonymous> (/Users/tzanis/.nvm/versions/node/v0.12.10/lib/node_modules/npm/lib/utils/lifecycle.js:214:16)
9 verbose stack     at EventEmitter.emit (events.js:110:17)
9 verbose stack     at ChildProcess.<anonymous> (/Users/tzanis/.nvm/versions/node/v0.12.10/lib/node_modules/npm/lib/utils/spawn.js:24:14)
9 verbose stack     at ChildProcess.emit (events.js:110:17)
9 verbose stack     at maybeClose (child_process.js:1016:16)
9 verbose stack     at Process.ChildProcess._handle.onexit (child_process.js:1088:5)
10 verbose pkgid mapillary-demo@1.0.0
11 verbose cwd /Users/tzanis/projects/tests/ngMapillary
12 error Darwin 16.0.0
13 error argv "/Users/tzanis/.nvm/versions/node/v0.12.10/bin/node" "/Users/tzanis/.nvm/versions/node/v0.12.10/bin/npm" "start"
14 error node v0.12.10
15 error npm  v2.14.9
16 error code ELIFECYCLE
17 error mapillary-demo@1.0.0 start: `tsc && concurrently "tsc -w" "lite-server" `
17 error Exit status 2
18 error Failed at the mapillary-demo@1.0.0 start script 'tsc && concurrently "tsc -w" "lite-server" '.
18 error This is most likely a problem with the mapillary-demo package,
18 error not with npm itself.
18 error Tell the author that this fails on your system:
18 error     tsc && concurrently "tsc -w" "lite-server"
18 error You can get their info via:
18 error     npm owner ls mapillary-demo
18 error There is likely additional logging output above.
19 verbose exit [ 1, true ]
